  GipsyDanger.cpp
GipsyDanger.cpp(248): warning C4244: '=': conversion from 'int' to 'float', possible loss of data
GipsyDanger.cpp(249): warning C4244: '=': conversion from 'int' to 'float', possible loss of data
GipsyDanger.cpp(254): warning C4244: '=': conversion from 'int' to 'float', possible loss of data
GipsyDanger.cpp(255): warning C4244: '=': conversion from 'int' to 'float', possible loss of data
GipsyDanger.cpp(926): warning C4305: '+=': truncation from 'double' to 'float'
GipsyDanger.cpp(927): warning C4244: 'argument': conversion from 'double' to 'GLfloat', possible loss of data
GipsyDanger.cpp(1117): warning C4244: 'argument': conversion from 'double' to 'GLfloat', possible loss of data
GipsyDanger.cpp(2655): warning C4244: 'argument': conversion from 'float' to 'GLint', possible loss of data
GipsyDanger.cpp(2659): warning C4244: 'argument': conversion from 'float' to 'GLint', possible loss of data
GipsyDanger.cpp(2832): warning C4244: 'argument': conversion from 'double' to 'GLfloat', possible loss of data
GipsyDanger.cpp(5603): warning C4244: 'argument': conversion from 'double' to 'GLfloat', possible loss of data
GipsyDanger.cpp(5612): warning C4244: 'argument': conversion from 'double' to 'GLfloat', possible loss of data
GipsyDanger.cpp(5875): warning C4244: 'argument': conversion from 'double' to 'GLfloat', possible loss of data
GipsyDanger.cpp(5886): warning C4244: 'argument': conversion from 'double' to 'GLfloat', possible loss of data
  Generating code
  0 of 90 functions ( 0.0%) were compiled, the rest were copied from previous compilation.
    0 functions were new in current compilation
    0 functions had inline decision re-evaluated but remain unchanged
  Finished generating code
  OpenGLGipsyDanger.vcxproj -> C:\Users\Hard-\Documents\GitHub\openGLGipsyDanger\OpenGLGipsyDanger\Release\OpenGLGipsyDanger.exe
